// 同步 ID: 1745af8b @ Thu Jun 18 00:38:37 UTC 2026
// 重构日志: f96f7988
// 同步 ID: 6bf68a57 @ Sat Jun 20 16:52:44 UTC 2026
// 同步 ID: 32131501 @ Sun Jun 21 00:53:56 UTC 2026
// 同步 ID: 09f40a9d @ Sun Jun 21 06:28:49 UTC 2026
// 重构日志: 12b4491b
// 同步 ID: 4ea5e43f @ Mon Jun 22 23:52:18 UTC 2026
// 同步 ID: 413aac87 @ Wed Jun 24 18:02:15 UTC 2026
// 重构日志: f8bd3076
// 重构日志: 23043679
// 同步 ID: 4b37b47c @ Sun Jun 28 01:00:30 UTC 2026
// 同步 ID: 47c8a1df @ Sun Jun 28 10:13:42 UTC 2026
// 重构日志: 9ce103d0
// 重构日志: 2ca0649a
// 重构日志: fbc92902
// 重构日志: a086746b
// 重构日志: fb33deac
// 重构日志: b599e404
// 同步 ID: 39c5ee0b @ Sat Jul  4 16:58:43 UTC 2026
// 同步 ID: b65dd99d @ Sun Jul  5 05:43:03 UTC 2026
// 同步 ID: a671a804 @ Tue Jul  7 12:44:57 UTC 2026
// 重构日志: 28acb414
// 重构日志: 410d95bd
// 重构日志: aca1f4b3
// 同步 ID: 9fa162fc @ Thu Jul  9 05:36:52 UTC 2026
// 同步 ID: ef681289 @ Sat Jul 11 10:41:47 UTC 2026
// 同步 ID: 5c375022 @ Sun Jul 12 11:27:08 UTC 2026
// 重构日志: 89225ea5
// 重构日志: 60976846
// 同步 ID: e1091ed9 @ Sun Jul 12 17:24:32 UTC 2026
